2022-07-12 00:05:51 [scrapy.utils.log] INFO: Scrapy 2.6.1 started (bot: scrapybot)
2022-07-12 00:05:52 [scrapy.utils.log] INFO: Versions: lxml 4.9.1.0, libxml2 2.9.14, cssselect 1.1.0, parsel 1.6.0, w3lib 1.22.0, Twisted 22.4.0, Python 3.8.13 (default, Jun 22 2022, 10:10:47) - [GCC 9.4.0], pyOpenSSL 22.0.0 (OpenSSL 3.0.5 5 Jul 2022), cryptography 37.0.4, Platform Linux-5.13.0-52-generic-x86_64-with-glibc2.29
2022-07-12 00:05:52 [scrapy.crawler] INFO: Overridden settings:

{'CLOSESPIDER_TIMEOUT': 10, 'LOGSTATS_INTERVAL': 1, 'LOG_LEVEL': 'INFO'}

2022-07-12 00:05:52 [scrapy.extensions.telnet] INFO: Telnet Password: e030d8a573933080
2022-07-12 00:05:52 [scrapy.middleware] INFO: Enabled extensions:

['scrapy.extensions.corestats.CoreStats',
 'scrapy.extensions.telnet.TelnetConsole',
 'scrapy.extensions.memusage.MemoryUsage',
 'scrapy.extensions.closespider.CloseSpider',
 'scrapy.extensions.logstats.LogStats']

2022-07-12 00:05:52 [scrapy.middleware] INFO: Enabled downloader middlewares:

['scrapy.downloadermiddlewares.httpauth.HttpAuthMiddleware',
 'scrapy.downloadermiddlewares.downloadtimeout.DownloadTimeoutMiddleware',
 'scrapy.downloadermiddlewares.defaultheaders.DefaultHeadersMiddleware',
 'scrapy.downloadermiddlewares.useragent.UserAgentMiddleware',
 'scrapy.downloadermiddlewares.retry.RetryMiddleware',
 'scrapy.downloadermiddlewares.redirect.MetaRefreshMiddleware',
 'scrapy.downloadermiddlewares.httpcompression.HttpCompressionMiddleware',
 'scrapy.downloadermiddlewares.redirect.RedirectMiddleware',
 'scrapy.downloadermiddlewares.cookies.CookiesMiddleware',
 'scrapy.downloadermiddlewares.httpproxy.HttpProxyMiddleware',
 'scrapy.downloadermiddlewares.stats.DownloaderStats']

2022-07-12 00:05:52 [scrapy.middleware] INFO: Enabled spider middlewares:

['scrapy.spidermiddlewares.httperror.HttpErrorMiddleware',
 'scrapy.spidermiddlewares.offsite.OffsiteMiddleware',
 'scrapy.spidermiddlewares.referer.RefererMiddleware',
 'scrapy.spidermiddlewares.urllength.UrlLengthMiddleware',
 'scrapy.spidermiddlewares.depth.DepthMiddleware']

2022-07-12 00:05:52 [scrapy.middleware] INFO: Enabled item pipelines:
[]

2022-07-12 00:05:52 [scrapy.core.engine] INFO: Spider opened

2022-07-12 00:05:52 [scrapy.extensions.logstats] INFO: Crawled 0 pages (at 0 pages/min), scraped 0 items (at 0 items/min)

2022-07-12 00:05:52 [scrapy.extensions.telnet] INFO: Telnet console listening on 127.0.0.1:6023

2022-07-12 00:05:53 [scrapy.extensions.logstats] INFO: Crawled 71 pages (at 4260 pages/min), scraped 0 items (at 0 items/min)
2022-07-12 00:05:54 [scrapy.extensions.logstats] INFO: Crawled 142 pages (at 4260 pages/min), scraped 0 items (at 0 items/min)
2022-07-12 00:05:55 [scrapy.extensions.logstats] INFO: Crawled 206 pages (at 3840 pages/min), scraped 0 items (at 0 items/min)
2022-07-12 00:05:56 [scrapy.extensions.logstats] INFO: Crawled 263 pages (at 3420 pages/min), scraped 0 items (at 0 items/min)
2022-07-12 00:05:57 [scrapy.extensions.logstats] INFO: Crawled 319 pages (at 3360 pages/min), scraped 0 items (at 0 items/min)
2022-07-12 00:05:58 [scrapy.extensions.logstats] INFO: Crawled 382 pages (at 3780 pages/min), scraped 0 items (at 0 items/min)
2022-07-12 00:06:00 [scrapy.extensions.logstats] INFO: Crawled 431 pages (at 2940 pages/min), scraped 0 items (at 0 items/min)
2022-07-12 00:06:00 [scrapy.extensions.logstats] INFO: Crawled 486 pages (at 3300 pages/min), scraped 0 items (at 0 items/min)
2022-07-12 00:06:01 [scrapy.extensions.logstats] INFO: Crawled 534 pages (at 2880 pages/min), scraped 0 items (at 0 items/min)
2022-07-12 00:06:02 [scrapy.core.engine] INFO: Closing spider (closespider_timeout)
2022-07-12 00:06:02 [scrapy.extensions.logstats] INFO: Crawled 582 pages (at 2880 pages/min), scraped 0 items (at 0 items/min)
2022-07-12 00:06:03 [scrapy.statscollectors] INFO: Dumping Scrapy stats:

{'downloader/request_bytes': 273720,
 'downloader/request_count': 591,
 'downloader/request_method_count/GET': 591,
 'downloader/response_bytes': 1912653,
 'downloader/response_count': 591,
 'downloader/response_status_count/200': 591,
 'elapsed_time_seconds': 10.545414,
 'finish_reason': 'closespider_timeout',
 'finish_time': datetime.datetime(2022, 7, 11, 17, 6, 3, 423862),
 'log_count/INFO': 20,
 'memusage/max': 61779968,
 'memusage/startup': 61779968,
 'request_depth_max': 22,
 'response_received_count': 591,
 'scheduler/dequeued': 591,
 'scheduler/dequeued/memory': 591,
 'scheduler/enqueued': 11821,
 'scheduler/enqueued/memory': 11821,
 'start_time': datetime.datetime(2022, 7, 11, 17, 5, 52, 878448)}

2022-07-12 00:06:03 [scrapy.core.engine] INFO: Spider closed (closespider_timeout)
2022-07-12 00:06:03 [scrapy.core.engine] INFO: Error while scheduling new request

Traceback (most recent call last):
  File "/home/hung/.local/share/virtualenvs/wvb-env/lib/python3.8/site-packages/twisted/internet/task.py", line 526, in _oneWorkUnit
    result = next(self._iterator)
StopIteration

During handling of the above exception, another exception occurred:

Traceback (most recent call last):
  File "/home/hung/.local/share/virtualenvs/wvb-env/lib/python3.8/site-packages/twisted/internet/defer.py", line 857, in _runCallbacks
    current.result = callback(  # type: ignore[misc]

  File "/home/hung/.local/share/virtualenvs/wvb-env/lib/python3.8/site-packages/scrapy/core/engine.py", line 187, in <lambda>
    d.addBoth(lambda _: self.slot.nextcall.schedule())
    
AttributeError: 'NoneType' object has no attribute 'nextcall'